<?xml version="1.0" encoding="UTF-8"?>
<testng-results ignored="0" total="1" passed="1" failed="0" skipped="0">
  <reporter-output>
  </reporter-output>
  <suite started-at="2023-08-29T10:58:33 IST" name="Default suite" finished-at="2023-08-29T10:59:29 IST" duration-ms="55998">
    <groups>
    </groups>
    <test started-at="2023-08-29T10:58:33 IST" name="Default test" finished-at="2023-08-29T10:59:29 IST" duration-ms="55998">
      <class name="sikuli.TestScript.Test1_sikuliFUp">
        <test-method signature="fileUpload()[pri:0, instance:sikuli.TestScript.Test1_sikuliFUp@11392934]" started-at="2023-08-29T10:58:33 IST" name="fileUpload" finished-at="2023-08-29T10:59:29 IST" duration-ms="55900" status="PASS">
          <reporter-output>
          </reporter-output>
        </test-method> <!-- fileUpload -->
      </class> <!-- sikuli.TestScript.Test1_sikuliFUp -->
    </test> <!-- Default test -->
  </suite> <!-- Default suite -->
</testng-results>
